# JRE version: Java(TM) SE Runtime Environment (17.0.7+8) (build 17.0.7+8-LTS-224)
# Java VM: Java HotSpot(TM) 64-Bit Server VM (17.0.7+8-LTS-224, mixed mode, sharing, tiered, compressed oops, compressed class ptrs, g1 gc, windows-amd64)
GC Precious Log:
 CPUs: 4 total, 4 available
 Memory: 8128M
 Large Page Support: Disabled
 NUMA Support: Disabled
 Compressed Oops: Enabled (32-bit)
 Heap Region Size: 1M
 Heap Min Capacity: 8M
 Heap Initial Capacity: 128M
 Heap Max Capacity: 2034M
 Pre-touch: Disabled
 Parallel Workers: 4
 Concurrent Workers: 1
 Concurrent Refinement Workers: 4
 Periodic GC: Disabled
Heap:
 garbage-first heap   total 146432K, used 94438K [0x0000000080e00000, 0x0000000100000000)
  region size 1024K, 50 young (51200K), 4 survivors (4096K)
 Metaspace       used 89469K, committed 89984K, reserved 1130496K
  class space    used 12505K, committed 12736K, reserved 1048576K
GC Heap History (20 events):
Event: 13.045 GC heap before
{Heap before GC invocations=18 (full 0):
 garbage-first heap   total 68608K, used 54920K [0x0000000080e00000, 0x0000000100000000)
  region size 1024K, 21 young (21504K), 2 survivors (2048K)
 Metaspace       used 61929K, committed 62464K, reserved 1105920K
  class space    used 8219K, committed 8448K, reserved 1048576K
}
Event: 13.048 GC heap after
{Heap after GC invocations=19 (full 0):
 garbage-first heap   total 68608K, used 36508K [0x0000000080e00000, 0x0000000100000000)
  region size 1024K, 2 young (2048K), 2 survivors (2048K)
 Metaspace       used 61929K, committed 62464K, reserved 1105920K
  class space    used 8219K, committed 8448K, reserved 1048576K
}
Event: 13.478 GC heap before
{Heap before GC invocations=19 (full 0):
 garbage-first heap   total 68608K, used 55964K [0x0000000080e00000, 0x0000000100000000)
  region size 1024K, 21 young (21504K), 2 survivors (2048K)
 Metaspace       used 67083K, committed 67584K, reserved 1114112K
  class space    used 9112K, committed 9344K, reserved 1048576K
}
Event: 13.481 GC heap after
{Heap after GC invocations=20 (full 0):
 garbage-first heap   total 68608K, used 37194K [0x0000000080e00000, 0x0000000100000000)
  region size 1024K, 2 young (2048K), 2 survivors (2048K)
 Metaspace       used 67083K, committed 67584K, reserved 1114112K
  class space    used 9112K, committed 9344K, reserved 1048576K
}
Event: 13.769 GC heap before
{Heap before GC invocations=21 (full 0):
 garbage-first heap   total 70656K, used 54602K [0x0000000080e00000, 0x0000000100000000)
  region size 1024K, 20 young (20480K), 2 survivors (2048K)
 Metaspace       used 69130K, committed 69632K, reserved 1114112K
  class space    used 9419K, committed 9664K, reserved 1048576K
}
Event: 13.772 GC heap after
{Heap after GC invocations=22 (full 0):
 garbage-first heap   total 70656K, used 37546K [0x0000000080e00000, 0x0000000100000000)
  region size 1024K, 2 young (2048K), 2 survivors (2048K)
 Metaspace       used 69130K, committed 69632K, reserved 1114112K
  class space    used 9419K, committed 9664K, reserved 1048576K
}
Event: 13.795 GC heap before
{Heap before GC invocations=22 (full 0):
 garbage-first heap   total 70656K, used 38570K [0x0000000080e00000, 0x0000000100000000)
  region size 1024K, 3 young (3072K), 2 survivors (2048K)
 Metaspace       used 69368K, committed 69888K, reserved 1114112K
  class space    used 9470K, committed 9728K, reserved 1048576K
}
Event: 13.798 GC heap after
{Heap after GC invocations=23 (full 0):
 garbage-first heap   total 70656K, used 37855K [0x0000000080e00000, 0x0000000100000000)
  region size 1024K, 1 young (1024K), 1 survivors (1024K)
 Metaspace       used 69368K, committed 69888K, reserved 1114112K
  class space    used 9470K, committed 9728K, reserved 1048576K
}
Event: 14.177 GC heap before
{Heap before GC invocations=23 (full 0):
 garbage-first heap   total 70656K, used 58335K [0x0000000080e00000, 0x0000000100000000)
  region size 1024K, 21 young (21504K), 1 survivors (1024K)
 Metaspace       used 72842K, committed 73344K, reserved 1114112K
  class space    used 9944K, committed 10176K, reserved 1048576K
}
Event: 14.180 GC heap after
{Heap after GC invocations=24 (full 0):
 garbage-first heap   total 70656K, used 39286K [0x0000000080e00000, 0x0000000100000000)
  region size 1024K, 2 young (2048K), 2 survivors (2048K)
 Metaspace       used 72842K, committed 73344K, reserved 1114112K
  class space    used 9944K, committed 10176K, reserved 1048576K
}
Event: 14.451 GC heap before
{Heap before GC invocations=25 (full 0):
 garbage-first heap   total 75776K, used 58742K [0x0000000080e00000, 0x0000000100000000)
  region size 1024K, 21 young (21504K), 2 survivors (2048K)
 Metaspace       used 74297K, committed 74816K, reserved 1114112K
  class space    used 10198K, committed 10432K, reserved 1048576K
}
Event: 14.454 GC heap after
{Heap after GC invocations=26 (full 0):
 garbage-first heap   total 75776K, used 40450K [0x0000000080e00000, 0x0000000100000000)
  region size 1024K, 2 young (2048K), 2 survivors (2048K)
 Metaspace       used 74297K, committed 74816K, reserved 1114112K
  class space    used 10198K, committed 10432K, reserved 1048576K
}
Event: 14.476 GC heap before
{Heap before GC invocations=26 (full 0):
 garbage-first heap   total 75776K, used 41474K [0x0000000080e00000, 0x0000000100000000)
  region size 1024K, 3 young (3072K), 2 survivors (2048K)
 Metaspace       used 74378K, committed 74880K, reserved 1114112K
  class space    used 10207K, committed 10432K, reserved 1048576K
}
Event: 14.480 GC heap after
{Heap after GC invocations=27 (full 0):
 garbage-first heap   total 75776K, used 40179K [0x0000000080e00000, 0x0000000100000000)
  region size 1024K, 1 young (1024K), 1 survivors (1024K)
 Metaspace       used 74378K, committed 74880K, reserved 1114112K
  class space    used 10207K, committed 10432K, reserved 1048576K
}
Event: 14.663 GC heap before
{Heap before GC invocations=27 (full 0):
 garbage-first heap   total 75776K, used 61683K [0x0000000080e00000, 0x0000000100000000)
  region size 1024K, 22 young (22528K), 1 survivors (1024K)
 Metaspace       used 75167K, committed 75648K, reserved 1122304K
  class space    used 10293K, committed 10496K, reserved 1048576K
}
Event: 14.665 GC heap after
{Heap after GC invocations=28 (full 0):
 garbage-first heap   total 146432K, used 40861K [0x0000000080e00000, 0x0000000100000000)
  region size 1024K, 1 young (1024K), 1 survivors (1024K)
 Metaspace       used 75167K, committed 75648K, reserved 1122304K
  class space    used 10293K, committed 10496K, reserved 1048576K
}
Event: 15.505 GC heap before
{Heap before GC invocations=29 (full 0):
 garbage-first heap   total 146432K, used 116637K [0x0000000080e00000, 0x0000000100000000)
  region size 1024K, 75 young (76800K), 1 survivors (1024K)
 Metaspace       used 78029K, committed 78528K, reserved 1122304K
  class space    used 10894K, committed 11136K, reserved 1048576K
}
Event: 15.514 GC heap after
{Heap after GC invocations=30 (full 0):
 garbage-first heap   total 146432K, used 48725K [0x0000000080e00000, 0x0000000100000000)
  region size 1024K, 9 young (9216K), 9 survivors (9216K)
 Metaspace       used 78029K, committed 78528K, reserved 1122304K
  class space    used 10894K, committed 11136K, reserved 1048576K
}
Event: 17.146 GC heap before
{Heap before GC invocations=30 (full 0):
 garbage-first heap   total 146432K, used 114261K [0x0000000080e00000, 0x0000000100000000)
  region size 1024K, 73 young (74752K), 9 survivors (9216K)
 Metaspace       used 82594K, committed 83200K, reserved 1122304K
  class space    used 11563K, committed 11840K, reserved 1048576K
}
Event: 17.154 GC heap after
{Heap after GC invocations=31 (full 0):
 garbage-first heap   total 146432K, used 48358K [0x0000000080e00000, 0x0000000100000000)
  region size 1024K, 4 young (4096K), 4 survivors (4096K)
 Metaspace       used 82594K, committed 83200K, reserved 1122304K
  class space    used 11563K, committed 11840K, reserved 1048576K
}

